<?xml version="1.0" encoding="UTF-8"?>
<!-- Generated by org.testng.reporters.JUnitXMLReporter -->
<testsuite ignored="0" hostname="LAPTOP-H2F0LVSP" failures="9" tests="9" name="firefoxTest" time="53.051" errors="0" timestamp="2023-06-12T11:12:01 EDT">
  <testcase classname="com.automation.tests.AutomationScript" name="Check_Remember_Me" time="0.527">
    <failure type="java.lang.NullPointerException" message="Cannot invoke &amp;quot;com.aventstack.extentreports.ExtentTest.log(com.aventstack.extentreports.Status, String)&amp;quot; because &amp;quot;com.automation.utility.ExtentReportUtility2.testLogger&amp;quot; is null">
      <![CDATA[java.lang.NullPointerException: Cannot invoke "com.aventstack.extentreports.ExtentTest.log(com.aventstack.extentreports.Status, String)" because "com.automation.utility.ExtentReportUtility2.testLogger" is null
at com.automation.utility.ExtentReportUtility2.logTestInfo(ExtentReportUtility2.java:58)
at com.automation.pages.base.BasePage.enterText(BasePage.java:86)
at com.automation.pages.login.LoginPage.enterUsername(LoginPage.java:25)
at com.automation.tests.AutomationScript.Check_Remember_Me(AutomationScript.java:62)
at java.base/java.util.ArrayList.forEach(ArrayList.java:1511)
... Removed 25 stack frames]]>
    </failure>
  </testcase> <!-- Check_Remember_Me -->
  <testcase classname="com.automation.tests.AutomationScript" name="Login_Error_Message" time="0.399">
    <failure type="java.lang.NullPointerException" message="Cannot invoke &amp;quot;com.aventstack.extentreports.ExtentTest.log(com.aventstack.extentreports.Status, String)&amp;quot; because &amp;quot;com.automation.utility.ExtentReportUtility2.testLogger&amp;quot; is null">
      <![CDATA[java.lang.NullPointerException: Cannot invoke "com.aventstack.extentreports.ExtentTest.log(com.aventstack.extentreports.Status, String)" because "com.automation.utility.ExtentReportUtility2.testLogger" is null
at com.automation.utility.ExtentReportUtility2.logTestInfo(ExtentReportUtility2.java:58)
at com.automation.pages.base.BasePage.enterText(BasePage.java:86)
at com.automation.pages.login.LoginPage.enterUsername(LoginPage.java:25)
at com.automation.tests.AutomationScript.Login_Error_Message(AutomationScript.java:48)
at java.base/java.util.ArrayList.forEach(ArrayList.java:1511)
... Removed 25 stack frames]]>
    </failure>
  </testcase> <!-- Login_Error_Message -->
  <testcase classname="com.automation.tests.AutomationScript" name="LogoutOfTheProfile" time="0.296">
    <failure type="java.lang.NullPointerException" message="Cannot invoke &amp;quot;com.aventstack.extentreports.ExtentTest.log(com.aventstack.extentreports.Status, String)&amp;quot; because &amp;quot;com.automation.utility.ExtentReportUtility2.testLogger&amp;quot; is null">
      <![CDATA[java.lang.NullPointerException: Cannot invoke "com.aventstack.extentreports.ExtentTest.log(com.aventstack.extentreports.Status, String)" because "com.automation.utility.ExtentReportUtility2.testLogger" is null
at com.automation.utility.ExtentReportUtility2.logTestInfo(ExtentReportUtility2.java:58)
at com.automation.pages.base.BasePage.enterText(BasePage.java:86)
at com.automation.pages.login.LoginPage.enterUsername(LoginPage.java:25)
at com.automation.tests.AutomationScript.LogoutOfTheProfile(AutomationScript.java:175)
at java.base/java.util.ArrayList.forEach(ArrayList.java:1511)
... Removed 25 stack frames]]>
    </failure>
  </testcase> <!-- LogoutOfTheProfile -->
  <testcase classname="com.automation.tests.AutomationScript" name="UserMenuDropDisplay" time="0.363">
    <failure type="java.lang.NullPointerException" message="Cannot invoke &amp;quot;com.aventstack.extentreports.ExtentTest.log(com.aventstack.extentreports.Status, String)&amp;quot; because &amp;quot;com.automation.utility.ExtentReportUtility2.testLogger&amp;quot; is null">
      <![CDATA[java.lang.NullPointerException: Cannot invoke "com.aventstack.extentreports.ExtentTest.log(com.aventstack.extentreports.Status, String)" because "com.automation.utility.ExtentReportUtility2.testLogger" is null
at com.automation.utility.ExtentReportUtility2.logTestInfo(ExtentReportUtility2.java:58)
at com.automation.pages.base.BasePage.enterText(BasePage.java:86)
at com.automation.pages.login.LoginPage.enterUsername(LoginPage.java:25)
at com.automation.tests.AutomationScript.UserMenuDropDisplay(AutomationScript.java:114)
at java.base/java.util.ArrayList.forEach(ArrayList.java:1511)
... Removed 25 stack frames]]>
    </failure>
  </testcase> <!-- UserMenuDropDisplay -->
  <testcase classname="com.automation.tests.AutomationScript" name="forgot_Password_4A" time="0.248">
    <failure type="java.lang.AssertionError" message="expected [Forgot Your Password | Salesforce] but found [Login | Salesforce]">
      <![CDATA[java.lang.AssertionError: expected [Forgot Your Password | Salesforce] but found [Login | Salesforce]
at com.automation.tests.AutomationScript.forgot_Password_4A(AutomationScript.java:85)
at java.base/java.util.ArrayList.forEach(ArrayList.java:1511)
... Removed 31 stack frames]]>
    </failure>
  </testcase> <!-- forgot_Password_4A -->
  <testcase classname="com.automation.tests.AutomationScript" name="forgot_Password_4B" time="0.288">
    <failure type="java.lang.NullPointerException" message="Cannot invoke &amp;quot;com.aventstack.extentreports.ExtentTest.log(com.aventstack.extentreports.Status, String)&amp;quot; because &amp;quot;com.automation.utility.ExtentReportUtility2.testLogger&amp;quot; is null">
      <![CDATA[java.lang.NullPointerException: Cannot invoke "com.aventstack.extentreports.ExtentTest.log(com.aventstack.extentreports.Status, String)" because "com.automation.utility.ExtentReportUtility2.testLogger" is null
at com.automation.utility.ExtentReportUtility2.logTestInfo(ExtentReportUtility2.java:58)
at com.automation.pages.base.BasePage.enterText(BasePage.java:86)
at com.automation.pages.login.LoginPage.enterUsername(LoginPage.java:25)
at com.automation.tests.AutomationScript.forgot_Password_4B(AutomationScript.java:99)
at java.base/java.util.ArrayList.forEach(ArrayList.java:1511)
... Removed 25 stack frames]]>
    </failure>
  </testcase> <!-- forgot_Password_4B -->
  <testcase classname="com.automation.tests.AutomationScript" name="getAllOperationOFMySetting" time="0.321">
    <failure type="java.lang.NullPointerException" message="Cannot invoke &amp;quot;com.aventstack.extentreports.ExtentTest.log(com.aventstack.extentreports.Status, String)&amp;quot; because &amp;quot;com.automation.utility.ExtentReportUtility2.testLogger&amp;quot; is null">
      <![CDATA[java.lang.NullPointerException: Cannot invoke "com.aventstack.extentreports.ExtentTest.log(com.aventstack.extentreports.Status, String)" because "com.automation.utility.ExtentReportUtility2.testLogger" is null
at com.automation.utility.ExtentReportUtility2.logTestInfo(ExtentReportUtility2.java:58)
at com.automation.pages.base.BasePage.enterText(BasePage.java:86)
at com.automation.pages.login.LoginPage.enterUsername(LoginPage.java:25)
at com.automation.tests.AutomationScript.getAllOperationOFMySetting(AutomationScript.java:147)
at java.base/java.util.ArrayList.forEach(ArrayList.java:1511)
... Removed 25 stack frames]]>
    </failure>
  </testcase> <!-- getAllOperationOFMySetting -->
  <testcase classname="com.automation.tests.AutomationScript" name="login_to_Salesforce_Application" time="0.295">
    <failure type="java.lang.NullPointerException" message="Cannot invoke &amp;quot;com.aventstack.extentreports.ExtentTest.log(com.aventstack.extentreports.Status, String)&amp;quot; because &amp;quot;com.automation.utility.ExtentReportUtility2.testLogger&amp;quot; is null">
      <![CDATA[java.lang.NullPointerException: Cannot invoke "com.aventstack.extentreports.ExtentTest.log(com.aventstack.extentreports.Status, String)" because "com.automation.utility.ExtentReportUtility2.testLogger" is null
at com.automation.utility.ExtentReportUtility2.logTestInfo(ExtentReportUtility2.java:58)
at com.automation.pages.base.BasePage.enterText(BasePage.java:86)
at com.automation.pages.login.LoginPage.enterUsername(LoginPage.java:25)
at com.automation.tests.AutomationScript.login_to_Salesforce_Application(AutomationScript.java:32)
at java.base/java.util.ArrayList.forEach(ArrayList.java:1511)
... Removed 25 stack frames]]>
    </failure>
  </testcase> <!-- login_to_Salesforce_Application -->
  <testcase classname="com.automation.tests.AutomationScript" name="selectDeveloperConsole" time="0.29">
    <failure type="java.lang.NullPointerException" message="Cannot invoke &amp;quot;com.aventstack.extentreports.ExtentTest.log(com.aventstack.extentreports.Status, String)&amp;quot; because &amp;quot;com.automation.utility.ExtentReportUtility2.testLogger&amp;quot; is null">
      <![CDATA[java.lang.NullPointerException: Cannot invoke "com.aventstack.extentreports.ExtentTest.log(com.aventstack.extentreports.Status, String)" because "com.automation.utility.ExtentReportUtility2.testLogger" is null
at com.automation.utility.ExtentReportUtility2.logTestInfo(ExtentReportUtility2.java:58)
at com.automation.pages.base.BasePage.enterText(BasePage.java:86)
at com.automation.pages.login.LoginPage.enterUsername(LoginPage.java:25)
at com.automation.tests.AutomationScript.selectDeveloperConsole(AutomationScript.java:128)
at java.base/java.util.ArrayList.forEach(ArrayList.java:1511)
... Removed 25 stack frames]]>
    </failure>
  </testcase> <!-- selectDeveloperConsole -->
</testsuite> <!-- firefoxTest -->
