<?xml version="1.0" encoding="UTF-8"?>
<!-- Generated by org.testng.reporters.JUnitXMLReporter -->
<testsuite ignored="0" hostname="LAPTOP-H2F0LVSP" failures="0" tests="2" name="Test" time="0.356" errors="0" timestamp="2023-06-11T18:36:19 EDT">
  <testcase classname="com.automation.test.base.BaseTest" name="@BeforeMethod setUpBeforeTestMethod" time="0.004">
    <failure type="java.lang.NullPointerException">
      <![CDATA[java.lang.NullPointerException
at java.base/java.io.FileInputStream.<init>(FileInputStream.java:149)
at java.base/java.io.FileInputStream.<init>(FileInputStream.java:111)
at com.automation.utility.PropertiesUtility.loadFile(PropertiesUtility.java:33)
at com.automation.test.base.BaseTest.setUpBeforeTestMethod(BaseTest.java:45)
at java.base/java.util.ArrayList.forEach(ArrayList.java:1511)
... Removed 29 stack frames]]>
    </failure>
  </testcase> <!-- @BeforeMethod setUpBeforeTestMethod -->
  <testcase classname="com.automation.test.base.BaseTest" name="@AfterMethod tearDownAfterTestMethod" time="0.0">
    <skipped/>
  </testcase> <!-- @AfterMethod tearDownAfterTestMethod -->
  <testcase classname="com.automation.test.base.BaseTest" name="@BeforeMethod setUpBeforeTestMethod" time="0.0">
    <skipped/>
  </testcase> <!-- @BeforeMethod setUpBeforeTestMethod -->
  <testcase classname="com.automation.test.base.BaseTest" name="@AfterMethod tearDownAfterTestMethod" time="0.0">
    <skipped/>
  </testcase> <!-- @AfterMethod tearDownAfterTestMethod -->
  <testcase classname="com.automation.tests.AutomationScript" name="Login_Error_Message" time="0.001">
    <skipped/>
  </testcase> <!-- Login_Error_Message -->
  <testcase classname="com.automation.tests.AutomationScript" name="login_to_Salesforce_Application" time="0.001">
    <skipped/>
  </testcase> <!-- login_to_Salesforce_Application -->
</testsuite> <!-- Test -->
